<?xml version="1.0" encoding="UTF-8"?>
<testng-results ignored="0" total="2" passed="2" failed="0" skipped="0">
  <reporter-output>
  </reporter-output>
  <suite started-at="2022-04-06T11:31:49 IST" name="Default suite" finished-at="2022-04-06T11:32:11 IST" duration-ms="22258">
    <groups>
    </groups>
    <test started-at="2022-04-06T11:31:49 IST" name="Default test" finished-at="2022-04-06T11:32:11 IST" duration-ms="22258">
      <class name="test.LMS_Feedback_test$logintest">
        <test-method is-config="true" signature="setup()[pri:0, instance:test.LMS_Feedback_test$logintest@50378a4]" started-at="2022-04-06T11:31:49 IST" name="setup" finished-at="2022-04-06T11:32:04 IST" duration-ms="15096" status="PASS">
          <reporter-output>
          </reporter-output>
        </test-method> <!-- setup -->
        <test-method signature="feedback_funtionality()[pri:0, instance:test.LMS_Feedback_test$logintest@50378a4]" started-at="2022-04-06T11:32:04 IST" name="feedback_funtionality" finished-at="2022-04-06T11:32:10 IST" duration-ms="6124" status="PASS">
          <reporter-output>
          </reporter-output>
        </test-method> <!-- feedback_funtionality -->
        <test-method signature="T_dropdown_funtionality()[pri:1, instance:test.LMS_Feedback_test$logintest@50378a4]" started-at="2022-04-06T11:32:10 IST" name="T_dropdown_funtionality" finished-at="2022-04-06T11:32:10 IST" duration-ms="382" status="PASS">
          <reporter-output>
          </reporter-output>
        </test-method> <!-- T_dropdown_funtionality -->
        <test-method is-config="true" signature="teardown()[pri:0, instance:test.LMS_Feedback_test$logintest@50378a4]" started-at="2022-04-06T11:32:10 IST" name="teardown" finished-at="2022-04-06T11:32:11 IST" duration-ms="573" status="PASS">
          <reporter-output>
          </reporter-output>
        </test-method> <!-- teardown -->
      </class> <!-- test.LMS_Feedback_test$logintest -->
    </test> <!-- Default test -->
  </suite> <!-- Default suite -->
</testng-results>
